# JRE version: Java(TM) SE Runtime Environment (8.0_161-b12) (build 1.8.0_161-b12)
# Java VM: Java HotSpot(TM) 64-Bit Server VM (25.161-b12 mixed mode windows-amd64 compressed oops)
Heap:
 PSYoungGen      total 75264K, used 13440K [0x000000076c800000, 0x0000000771c00000, 0x00000007c0000000)
  eden space 64512K, 20% used [0x000000076c800000,0x000000076d520220,0x0000000770700000)
  from space 10752K, 0% used [0x0000000770700000,0x0000000770700000,0x0000000771180000)
  to   space 10752K, 0% used [0x0000000771180000,0x0000000771180000,0x0000000771c00000)
 ParOldGen       total 172032K, used 11813K [0x00000006c5800000, 0x00000006d0000000, 0x000000076c800000)
  object space 172032K, 6% used [0x00000006c5800000,0x00000006c63895b8,0x00000006d0000000)
 Metaspace       used 17058K, capacity 17369K, committed 17664K, reserved 1064960K
  class space    used 1674K, capacity 1745K, committed 1792K, reserved 1048576K
GC Heap History (8 events):
Event: 1.855 GC heap before
{Heap before GC invocations=1 (full 0):
 PSYoungGen      total 75264K, used 64402K [0x000000076c800000, 0x0000000771c00000, 0x00000007c0000000)
  eden space 64512K, 99% used [0x000000076c800000,0x00000007706e4950,0x0000000770700000)
  from space 10752K, 0% used [0x0000000771180000,0x0000000771180000,0x0000000771c00000)
  to   space 10752K, 0% used [0x0000000770700000,0x0000000770700000,0x0000000771180000)
 ParOldGen       total 172032K, used 0K [0x00000006c5800000, 0x00000006d0000000, 0x000000076c800000)
  object space 172032K, 0% used [0x00000006c5800000,0x00000006c5800000,0x00000006d0000000)
 Metaspace       used 14912K, capacity 15081K, committed 15488K, reserved 1062912K
  class space    used 1509K, capacity 1577K, committed 1664K, reserved 1048576K
Event: 1.866 GC heap after
Heap after GC invocations=1 (full 0):
 PSYoungGen      total 75264K, used 6733K [0x000000076c800000, 0x0000000771c00000, 0x00000007c0000000)
  eden space 64512K, 0% used [0x000000076c800000,0x000000076c800000,0x0000000770700000)
  from space 10752K, 62% used [0x0000000770700000,0x0000000770d936e0,0x0000000771180000)
  to   space 10752K, 0% used [0x0000000771180000,0x0000000771180000,0x0000000771c00000)
 ParOldGen       total 172032K, used 24K [0x00000006c5800000, 0x00000006d0000000, 0x000000076c800000)
  object space 172032K, 0% used [0x00000006c5800000,0x00000006c5806000,0x00000006d0000000)
 Metaspace       used 14912K, capacity 15081K, committed 15488K, reserved 1062912K
  class space    used 1509K, capacity 1577K, committed 1664K, reserved 1048576K
}
Event: 2.338 GC heap before
{Heap before GC invocations=2 (full 0):
 PSYoungGen      total 75264K, used 71245K [0x000000076c800000, 0x0000000771c00000, 0x00000007c0000000)
  eden space 64512K, 100% used [0x000000076c800000,0x0000000770700000,0x0000000770700000)
  from space 10752K, 62% used [0x0000000770700000,0x0000000770d936e0,0x0000000771180000)
  to   space 10752K, 0% used [0x0000000771180000,0x0000000771180000,0x0000000771c00000)
 ParOldGen       total 172032K, used 24K [0x00000006c5800000, 0x00000006d0000000, 0x000000076c800000)
  object space 172032K, 0% used [0x00000006c5800000,0x00000006c5806000,0x00000006d0000000)
 Metaspace       used 16320K, capacity 16571K, committed 16896K, reserved 1064960K
  class space    used 1647K, capacity 1740K, committed 1792K, reserved 1048576K
Event: 2.344 GC heap after
Heap after GC invocations=2 (full 0):
 PSYoungGen      total 75264K, used 10311K [0x000000076c800000, 0x0000000771c00000, 0x00000007c0000000)
  eden space 64512K, 0% used [0x000000076c800000,0x000000076c800000,0x0000000770700000)
  from space 10752K, 95% used [0x0000000771180000,0x0000000771b91c80,0x0000000771c00000)
  to   space 10752K, 0% used [0x0000000770700000,0x0000000770700000,0x0000000771180000)
 ParOldGen       total 172032K, used 32K [0x00000006c5800000, 0x00000006d0000000, 0x000000076c800000)
  object space 172032K, 0% used [0x00000006c5800000,0x00000006c5808000,0x00000006d0000000)
 Metaspace       used 16320K, capacity 16571K, committed 16896K, reserved 1064960K
  class space    used 1647K, capacity 1740K, committed 1792K, reserved 1048576K
}
Event: 3.585 GC heap before
{Heap before GC invocations=3 (full 0):
 PSYoungGen      total 75264K, used 17901K [0x000000076c800000, 0x0000000771c00000, 0x00000007c0000000)
  eden space 64512K, 11% used [0x000000076c800000,0x000000076cf69a10,0x0000000770700000)
  from space 10752K, 95% used [0x0000000771180000,0x0000000771b91c80,0x0000000771c00000)
  to   space 10752K, 0% used [0x0000000770700000,0x0000000770700000,0x0000000771180000)
 ParOldGen       total 172032K, used 32K [0x00000006c5800000, 0x00000006d0000000, 0x000000076c800000)
  object space 172032K, 0% used [0x00000006c5800000,0x00000006c5808000,0x00000006d0000000)
 Metaspace       used 16736K, capacity 17025K, committed 17152K, reserved 1064960K
  class space    used 1664K, capacity 1741K, committed 1792K, reserved 1048576K
Event: 3.591 GC heap after
Heap after GC invocations=3 (full 0):
 PSYoungGen      total 75264K, used 10738K [0x000000076c800000, 0x0000000771c00000, 0x00000007c0000000)
  eden space 64512K, 0% used [0x000000076c800000,0x000000076c800000,0x0000000770700000)
  from space 10752K, 99% used [0x0000000770700000,0x000000077117cac8,0x0000000771180000)
  to   space 10752K, 0% used [0x0000000771180000,0x0000000771180000,0x0000000771c00000)
 ParOldGen       total 172032K, used 1395K [0x00000006c5800000, 0x00000006d0000000, 0x000000076c800000)
  object space 172032K, 0% used [0x00000006c5800000,0x00000006c595cef0,0x00000006d0000000)
 Metaspace       used 16736K, capacity 17025K, committed 17152K, reserved 1064960K
  class space    used 1664K, capacity 1741K, committed 1792K, reserved 1048576K
}
Event: 3.591 GC heap before
{Heap before GC invocations=4 (full 1):
 PSYoungGen      total 75264K, used 10738K [0x000000076c800000, 0x0000000771c00000, 0x00000007c0000000)
  eden space 64512K, 0% used [0x000000076c800000,0x000000076c800000,0x0000000770700000)
  from space 10752K, 99% used [0x0000000770700000,0x000000077117cac8,0x0000000771180000)
  to   space 10752K, 0% used [0x0000000771180000,0x0000000771180000,0x0000000771c00000)
 ParOldGen       total 172032K, used 1395K [0x00000006c5800000, 0x00000006d0000000, 0x000000076c800000)
  object space 172032K, 0% used [0x00000006c5800000,0x00000006c595cef0,0x00000006d0000000)
 Metaspace       used 16736K, capacity 17025K, committed 17152K, reserved 1064960K
  class space    used 1664K, capacity 1741K, committed 1792K, reserved 1048576K
Event: 3.631 GC heap after
Heap after GC invocations=4 (full 1):
 PSYoungGen      total 75264K, used 0K [0x000000076c800000, 0x0000000771c00000, 0x00000007c0000000)
  eden space 64512K, 0% used [0x000000076c800000,0x000000076c800000,0x0000000770700000)
  from space 10752K, 0% used [0x0000000770700000,0x0000000770700000,0x0000000771180000)
  to   space 10752K, 0% used [0x0000000771180000,0x0000000771180000,0x0000000771c00000)
 ParOldGen       total 172032K, used 11813K [0x00000006c5800000, 0x00000006d0000000, 0x000000076c800000)
  object space 172032K, 6% used [0x00000006c5800000,0x00000006c63895b8,0x00000006d0000000)
 Metaspace       used 16736K, capacity 17025K, committed 17152K, reserved 1064960K
  class space    used 1664K, capacity 1741K, committed 1792K, reserved 1048576K
}

