# JRE version: Java(TM) SE Runtime Environment (8.0_161-b12) (build 1.8.0_161-b12)
# Java VM: Java HotSpot(TM) 64-Bit Server VM (25.161-b12 mixed mode windows-amd64 compressed oops)
Heap:
 PSYoungGen      total 75264K, used 13551K [0x000000076c800000, 0x0000000775b00000, 0x00000007c0000000)
  eden space 64512K, 21% used [0x000000076c800000,0x000000076d53bda0,0x0000000770700000)
  from space 10752K, 0% used [0x0000000770700000,0x0000000770700000,0x0000000771180000)
  to   space 10752K, 0% used [0x0000000775080000,0x0000000775080000,0x0000000775b00000)
 ParOldGen       total 172032K, used 11816K [0x00000006c5800000, 0x00000006d0000000, 0x000000076c800000)
  object space 172032K, 6% used [0x00000006c5800000,0x00000006c638a1a0,0x00000006d0000000)
 Metaspace       used 17156K, capacity 17445K, committed 17664K, reserved 1064960K
  class space    used 1676K, capacity 1747K, committed 1792K, reserved 1048576K
GC Heap History (8 events):
Event: 1.848 GC heap before
{Heap before GC invocations=1 (full 0):
 PSYoungGen      total 75264K, used 64405K [0x000000076c800000, 0x0000000771c00000, 0x00000007c0000000)
  eden space 64512K, 99% used [0x000000076c800000,0x00000007706e5758,0x0000000770700000)
  from space 10752K, 0% used [0x0000000771180000,0x0000000771180000,0x0000000771c00000)
  to   space 10752K, 0% used [0x0000000770700000,0x0000000770700000,0x0000000771180000)
 ParOldGen       total 172032K, used 0K [0x00000006c5800000, 0x00000006d0000000, 0x000000076c800000)
  object space 172032K, 0% used [0x00000006c5800000,0x00000006c5800000,0x00000006d0000000)
 Metaspace       used 14909K, capacity 15081K, committed 15488K, reserved 1062912K
  class space    used 1509K, capacity 1577K, committed 1664K, reserved 1048576K
Event: 1.861 GC heap after
Heap after GC invocations=1 (full 0):
 PSYoungGen      total 75264K, used 6774K [0x000000076c800000, 0x0000000771c00000, 0x00000007c0000000)
  eden space 64512K, 0% used [0x000000076c800000,0x000000076c800000,0x0000000770700000)
  from space 10752K, 63% used [0x0000000770700000,0x0000000770d9db38,0x0000000771180000)
  to   space 10752K, 0% used [0x0000000771180000,0x0000000771180000,0x0000000771c00000)
 ParOldGen       total 172032K, used 24K [0x00000006c5800000, 0x00000006d0000000, 0x000000076c800000)
  object space 172032K, 0% used [0x00000006c5800000,0x00000006c5806000,0x00000006d0000000)
 Metaspace       used 14909K, capacity 15081K, committed 15488K, reserved 1062912K
  class space    used 1509K, capacity 1577K, committed 1664K, reserved 1048576K
}
Event: 2.329 GC heap before
{Heap before GC invocations=2 (full 0):
 PSYoungGen      total 75264K, used 71286K [0x000000076c800000, 0x0000000771c00000, 0x00000007c0000000)
  eden space 64512K, 100% used [0x000000076c800000,0x0000000770700000,0x0000000770700000)
  from space 10752K, 63% used [0x0000000770700000,0x0000000770d9db38,0x0000000771180000)
  to   space 10752K, 0% used [0x0000000771180000,0x0000000771180000,0x0000000771c00000)
 ParOldGen       total 172032K, used 24K [0x00000006c5800000, 0x00000006d0000000, 0x000000076c800000)
  object space 172032K, 0% used [0x00000006c5800000,0x00000006c5806000,0x00000006d0000000)
 Metaspace       used 16299K, capacity 16553K, committed 16896K, reserved 1064960K
  class space    used 1645K, capacity 1737K, committed 1792K, reserved 1048576K
Event: 2.339 GC heap after
Heap after GC invocations=2 (full 0):
 PSYoungGen      total 75264K, used 10720K [0x000000076c800000, 0x0000000775b00000, 0x00000007c0000000)
  eden space 64512K, 0% used [0x000000076c800000,0x000000076c800000,0x0000000770700000)
  from space 10752K, 99% used [0x0000000771180000,0x0000000771bf8078,0x0000000771c00000)
  to   space 10752K, 0% used [0x0000000770700000,0x0000000770700000,0x0000000771180000)
 ParOldGen       total 172032K, used 1261K [0x00000006c5800000, 0x00000006d0000000, 0x000000076c800000)
  object space 172032K, 0% used [0x00000006c5800000,0x00000006c593b4b0,0x00000006d0000000)
 Metaspace       used 16299K, capacity 16553K, committed 16896K, reserved 1064960K
  class space    used 1645K, capacity 1737K, committed 1792K, reserved 1048576K
}
Event: 5.982 GC heap before
{Heap before GC invocations=3 (full 0):
 PSYoungGen      total 75264K, used 19504K [0x000000076c800000, 0x0000000775b00000, 0x00000007c0000000)
  eden space 64512K, 13% used [0x000000076c800000,0x000000076d094148,0x0000000770700000)
  from space 10752K, 99% used [0x0000000771180000,0x0000000771bf8078,0x0000000771c00000)
  to   space 10752K, 0% used [0x0000000770700000,0x0000000770700000,0x0000000771180000)
 ParOldGen       total 172032K, used 1261K [0x00000006c5800000, 0x00000006d0000000, 0x000000076c800000)
  object space 172032K, 0% used [0x00000006c5800000,0x00000006c593b4b0,0x00000006d0000000)
 Metaspace       used 16859K, capacity 17095K, committed 17408K, reserved 1064960K
  class space    used 1665K, capacity 1742K, committed 1792K, reserved 1048576K
Event: 5.987 GC heap after
Heap after GC invocations=3 (full 0):
 PSYoungGen      total 75264K, used 10738K [0x000000076c800000, 0x0000000775b00000, 0x00000007c0000000)
  eden space 64512K, 0% used [0x000000076c800000,0x000000076c800000,0x0000000770700000)
  from space 10752K, 99% used [0x0000000770700000,0x000000077117cac8,0x0000000771180000)
  to   space 10752K, 0% used [0x0000000775080000,0x0000000775080000,0x0000000775b00000)
 ParOldGen       total 172032K, used 2058K [0x00000006c5800000, 0x00000006d0000000, 0x000000076c800000)
  object space 172032K, 1% used [0x00000006c5800000,0x00000006c5a02b10,0x00000006d0000000)
 Metaspace       used 16859K, capacity 17095K, committed 17408K, reserved 1064960K
  class space    used 1665K, capacity 1742K, committed 1792K, reserved 1048576K
}
Event: 5.987 GC heap before
{Heap before GC invocations=4 (full 1):
 PSYoungGen      total 75264K, used 10738K [0x000000076c800000, 0x0000000775b00000, 0x00000007c0000000)
  eden space 64512K, 0% used [0x000000076c800000,0x000000076c800000,0x0000000770700000)
  from space 10752K, 99% used [0x0000000770700000,0x000000077117cac8,0x0000000771180000)
  to   space 10752K, 0% used [0x0000000775080000,0x0000000775080000,0x0000000775b00000)
 ParOldGen       total 172032K, used 2058K [0x00000006c5800000, 0x00000006d0000000, 0x000000076c800000)
  object space 172032K, 1% used [0x00000006c5800000,0x00000006c5a02b10,0x00000006d0000000)
 Metaspace       used 16859K, capacity 17095K, committed 17408K, reserved 1064960K
  class space    used 1665K, capacity 1742K, committed 1792K, reserved 1048576K
Event: 6.034 GC heap after
Heap after GC invocations=4 (full 1):
 PSYoungGen      total 75264K, used 0K [0x000000076c800000, 0x0000000775b00000, 0x00000007c0000000)
  eden space 64512K, 0% used [0x000000076c800000,0x000000076c800000,0x0000000770700000)
  from space 10752K, 0% used [0x0000000770700000,0x0000000770700000,0x0000000771180000)
  to   space 10752K, 0% used [0x0000000775080000,0x0000000775080000,0x0000000775b00000)
 ParOldGen       total 172032K, used 11816K [0x00000006c5800000, 0x00000006d0000000, 0x000000076c800000)
  object space 172032K, 6% used [0x00000006c5800000,0x00000006c638a1a0,0x00000006d0000000)
 Metaspace       used 16859K, capacity 17095K, committed 17408K, reserved 1064960K
  class space    used 1665K, capacity 1742K, committed 1792K, reserved 1048576K
}

