# JRE version: Java(TM) SE Runtime Environment (8.0_161-b12) (build 1.8.0_161-b12)
# Java VM: Java HotSpot(TM) 64-Bit Server VM (25.161-b12 mixed mode windows-amd64 compressed oops)
Heap:
 PSYoungGen      total 75264K, used 13618K [0x000000076c800000, 0x0000000771c00000, 0x00000007c0000000)
  eden space 64512K, 21% used [0x000000076c800000,0x000000076d54cad0,0x0000000770700000)
  from space 10752K, 0% used [0x0000000770700000,0x0000000770700000,0x0000000771180000)
  to   space 10752K, 0% used [0x0000000771180000,0x0000000771180000,0x0000000771c00000)
 ParOldGen       total 172032K, used 11824K [0x00000006c5800000, 0x00000006d0000000, 0x000000076c800000)
  object space 172032K, 6% used [0x00000006c5800000,0x00000006c638c0b8,0x00000006d0000000)
 Metaspace       used 17194K, capacity 17509K, committed 17664K, reserved 1064960K
  class space    used 1676K, capacity 1747K, committed 1792K, reserved 1048576K
GC Heap History (8 events):
Event: 1.850 GC heap before
{Heap before GC invocations=1 (full 0):
 PSYoungGen      total 75264K, used 64512K [0x000000076c800000, 0x0000000771c00000, 0x00000007c0000000)
  eden space 64512K, 100% used [0x000000076c800000,0x0000000770700000,0x0000000770700000)
  from space 10752K, 0% used [0x0000000771180000,0x0000000771180000,0x0000000771c00000)
  to   space 10752K, 0% used [0x0000000770700000,0x0000000770700000,0x0000000771180000)
 ParOldGen       total 172032K, used 0K [0x00000006c5800000, 0x00000006d0000000, 0x000000076c800000)
  object space 172032K, 0% used [0x00000006c5800000,0x00000006c5800000,0x00000006d0000000)
 Metaspace       used 14904K, capacity 15081K, committed 15488K, reserved 1062912K
  class space    used 1508K, capacity 1577K, committed 1664K, reserved 1048576K
Event: 1.861 GC heap after
Heap after GC invocations=1 (full 0):
 PSYoungGen      total 75264K, used 6720K [0x000000076c800000, 0x0000000771c00000, 0x00000007c0000000)
  eden space 64512K, 0% used [0x000000076c800000,0x000000076c800000,0x0000000770700000)
  from space 10752K, 62% used [0x0000000770700000,0x0000000770d903f8,0x0000000771180000)
  to   space 10752K, 0% used [0x0000000771180000,0x0000000771180000,0x0000000771c00000)
 ParOldGen       total 172032K, used 24K [0x00000006c5800000, 0x00000006d0000000, 0x000000076c800000)
  object space 172032K, 0% used [0x00000006c5800000,0x00000006c5806000,0x00000006d0000000)
 Metaspace       used 14904K, capacity 15081K, committed 15488K, reserved 1062912K
  class space    used 1508K, capacity 1577K, committed 1664K, reserved 1048576K
}
Event: 2.347 GC heap before
{Heap before GC invocations=2 (full 0):
 PSYoungGen      total 75264K, used 71232K [0x000000076c800000, 0x0000000771c00000, 0x00000007c0000000)
  eden space 64512K, 100% used [0x000000076c800000,0x0000000770700000,0x0000000770700000)
  from space 10752K, 62% used [0x0000000770700000,0x0000000770d903f8,0x0000000771180000)
  to   space 10752K, 0% used [0x0000000771180000,0x0000000771180000,0x0000000771c00000)
 ParOldGen       total 172032K, used 24K [0x00000006c5800000, 0x00000006d0000000, 0x000000076c800000)
  object space 172032K, 0% used [0x00000006c5800000,0x00000006c5806000,0x00000006d0000000)
 Metaspace       used 16312K, capacity 16577K, committed 16896K, reserved 1064960K
  class space    used 1648K, capacity 1741K, committed 1792K, reserved 1048576K
Event: 2.354 GC heap after
Heap after GC invocations=2 (full 0):
 PSYoungGen      total 75264K, used 10093K [0x000000076c800000, 0x0000000771c00000, 0x00000007c0000000)
  eden space 64512K, 0% used [0x000000076c800000,0x000000076c800000,0x0000000770700000)
  from space 10752K, 93% used [0x0000000771180000,0x0000000771b5b788,0x0000000771c00000)
  to   space 10752K, 0% used [0x0000000770700000,0x0000000770700000,0x0000000771180000)
 ParOldGen       total 172032K, used 32K [0x00000006c5800000, 0x00000006d0000000, 0x000000076c800000)
  object space 172032K, 0% used [0x00000006c5800000,0x00000006c5808000,0x00000006d0000000)
 Metaspace       used 16312K, capacity 16577K, committed 16896K, reserved 1064960K
  class space    used 1648K, capacity 1741K, committed 1792K, reserved 1048576K
}
Event: 7.106 GC heap before
{Heap before GC invocations=3 (full 0):
 PSYoungGen      total 75264K, used 17722K [0x000000076c800000, 0x0000000771c00000, 0x00000007c0000000)
  eden space 64512K, 11% used [0x000000076c800000,0x000000076cf732e8,0x0000000770700000)
  from space 10752K, 93% used [0x0000000771180000,0x0000000771b5b788,0x0000000771c00000)
  to   space 10752K, 0% used [0x0000000770700000,0x0000000770700000,0x0000000771180000)
 ParOldGen       total 172032K, used 32K [0x00000006c5800000, 0x00000006d0000000, 0x000000076c800000)
  object space 172032K, 0% used [0x00000006c5800000,0x00000006c5808000,0x00000006d0000000)
 Metaspace       used 16942K, capacity 17223K, committed 17408K, reserved 1064960K
  class space    used 1665K, capacity 1742K, committed 1792K, reserved 1048576K
Event: 7.112 GC heap after
Heap after GC invocations=3 (full 0):
 PSYoungGen      total 75264K, used 10742K [0x000000076c800000, 0x0000000771c00000, 0x00000007c0000000)
  eden space 64512K, 0% used [0x000000076c800000,0x000000076c800000,0x0000000770700000)
  from space 10752K, 99% used [0x0000000770700000,0x000000077117dad8,0x0000000771180000)
  to   space 10752K, 0% used [0x0000000771180000,0x0000000771180000,0x0000000771c00000)
 ParOldGen       total 172032K, used 1456K [0x00000006c5800000, 0x00000006d0000000, 0x000000076c800000)
  object space 172032K, 0% used [0x00000006c5800000,0x00000006c596c0b0,0x00000006d0000000)
 Metaspace       used 16942K, capacity 17223K, committed 17408K, reserved 1064960K
  class space    used 1665K, capacity 1742K, committed 1792K, reserved 1048576K
}
Event: 7.112 GC heap before
{Heap before GC invocations=4 (full 1):
 PSYoungGen      total 75264K, used 10742K [0x000000076c800000, 0x0000000771c00000, 0x00000007c0000000)
  eden space 64512K, 0% used [0x000000076c800000,0x000000076c800000,0x0000000770700000)
  from space 10752K, 99% used [0x0000000770700000,0x000000077117dad8,0x0000000771180000)
  to   space 10752K, 0% used [0x0000000771180000,0x0000000771180000,0x0000000771c00000)
 ParOldGen       total 172032K, used 1456K [0x00000006c5800000, 0x00000006d0000000, 0x000000076c800000)
  object space 172032K, 0% used [0x00000006c5800000,0x00000006c596c0b0,0x00000006d0000000)
 Metaspace       used 16942K, capacity 17223K, committed 17408K, reserved 1064960K
  class space    used 1665K, capacity 1742K, committed 1792K, reserved 1048576K
Event: 7.149 GC heap after
Heap after GC invocations=4 (full 1):
 PSYoungGen      total 75264K, used 0K [0x000000076c800000, 0x0000000771c00000, 0x00000007c0000000)
  eden space 64512K, 0% used [0x000000076c800000,0x000000076c800000,0x0000000770700000)
  from space 10752K, 0% used [0x0000000770700000,0x0000000770700000,0x0000000771180000)
  to   space 10752K, 0% used [0x0000000771180000,0x0000000771180000,0x0000000771c00000)
 ParOldGen       total 172032K, used 11824K [0x00000006c5800000, 0x00000006d0000000, 0x000000076c800000)
  object space 172032K, 6% used [0x00000006c5800000,0x00000006c638c0b8,0x00000006d0000000)
 Metaspace       used 16942K, capacity 17223K, committed 17408K, reserved 1064960K
  class space    used 1665K, capacity 1742K, committed 1792K, reserved 1048576K
}

